103.220000 
102.374000 
102.973000 
154.456000 
121.362000 
184.776000 
174.622000 
0.000000 
102.889000 
108.909000 
15.562000 
31.565000 
104.847000 
35.662000 
129.903000 
102.561000 
14.987000 
15.905000 
101.273000 
28.321000 
22.120000 
169.346000 
12.967000 
31.260000 
102.514000 
294.779000 
13.534000 
190.843000 
16.216000 
30.634000 
150.447000 
16.882000 
21.467000 
115.154000 
295.855000 
15.589000 
155.821000 
14.179000 
19.839000 
168.373000 
22.668000 
136.111000 
172.225000 
296.266000 
115.651000 
172.707000 
53.651000 
15.220000 
103.353000 
53.902000 
132.547000 
164.696000 
302.904000 
112.092000 
266.913000 
13.933000 
113.583000 
157.016000 
15.185000 
14.021000 
123.612000 
31.737000 
30.029000 
33.836000 
85.435000 
24.442000 
52.575000 
12.650000 
52.505000 
31.166000 
85.369000 
21.408000 
24.440000 
101.102000 
20.195000 
15.235000 
112.709000 
12.745000 
